CRITICAL - 2020-04-07 09:28:16 --> syntax error, unexpected 'echo' (T_ECHO)
#0 /var/www/html/myCI4template/system/Common.php(1071): CodeIgniter\View\View->render('templates/carou...', Array, true)
#1 /var/www/html/myCI4template/app/Controllers/Home.php(15): view('templates/carou...')
#2 /var/www/html/myCI4template/system/CodeIgniter.php(910): App\Controllers\Home->index()
#3 /var/www/html/myCI4template/system/CodeIgniter.php(398): CodeIgniter\CodeIgniter->runController(Object(App\Controllers\Home))
#4 /var/www/html/myCI4template/system/CodeIgniter.php(306): CodeIgniter\CodeIgniter->handleRequest(NULL, Object(Config\Cache), false)
#5 /var/www/html/myCI4template/public/index.php(45): CodeIgniter\CodeIgniter->run()
#6 /var/www/html/myCI4template/system/Commands/Server/rewrite.php(34): require_once('/var/www/html/m...')
#7 {main}
CRITICAL - 2020-04-07 09:28:33 --> syntax error, unexpected 'echo' (T_ECHO)
#0 /var/www/html/myCI4template/system/Common.php(1071): CodeIgniter\View\View->render('templates/carou...', Array, true)
#1 /var/www/html/myCI4template/app/Controllers/Home.php(15): view('templates/carou...')
#2 /var/www/html/myCI4template/system/CodeIgniter.php(910): App\Controllers\Home->index()
#3 /var/www/html/myCI4template/system/CodeIgniter.php(398): CodeIgniter\CodeIgniter->runController(Object(App\Controllers\Home))
#4 /var/www/html/myCI4template/system/CodeIgniter.php(306): CodeIgniter\CodeIgniter->handleRequest(NULL, Object(Config\Cache), false)
#5 /var/www/html/myCI4template/public/index.php(45): CodeIgniter\CodeIgniter->run()
#6 /var/www/html/myCI4template/system/Commands/Server/rewrite.php(34): require_once('/var/www/html/m...')
#7 {main}
CRITICAL - 2020-04-07 14:38:42 --> syntax error, unexpected 'echo' (T_ECHO)
#0 /var/www/html/myCI4template/system/Common.php(1071): CodeIgniter\View\View->render('templates/carou...', Array, true)
#1 /var/www/html/myCI4template/app/Controllers/Home.php(15): view('templates/carou...')
#2 /var/www/html/myCI4template/system/CodeIgniter.php(910): App\Controllers\Home->index()
#3 /var/www/html/myCI4template/system/CodeIgniter.php(398): CodeIgniter\CodeIgniter->runController(Object(App\Controllers\Home))
#4 /var/www/html/myCI4template/system/CodeIgniter.php(306): CodeIgniter\CodeIgniter->handleRequest(NULL, Object(Config\Cache), false)
#5 /var/www/html/myCI4template/public/index.php(45): CodeIgniter\CodeIgniter->run()
#6 /var/www/html/myCI4template/system/Commands/Server/rewrite.php(34): require_once('/var/www/html/m...')
#7 {main}
CRITICAL - 2020-04-07 14:39:52 --> syntax error, unexpected 'echo' (T_ECHO)
#0 /var/www/html/myCI4template/system/Common.php(1071): CodeIgniter\View\View->render('templates/carou...', Array, true)
#1 /var/www/html/myCI4template/app/Controllers/Home.php(15): view('templates/carou...')
#2 /var/www/html/myCI4template/system/CodeIgniter.php(910): App\Controllers\Home->index()
#3 /var/www/html/myCI4template/system/CodeIgniter.php(398): CodeIgniter\CodeIgniter->runController(Object(App\Controllers\Home))
#4 /var/www/html/myCI4template/system/CodeIgniter.php(306): CodeIgniter\CodeIgniter->handleRequest(NULL, Object(Config\Cache), false)
#5 /var/www/html/myCI4template/public/index.php(45): CodeIgniter\CodeIgniter->run()
#6 /var/www/html/myCI4template/system/Commands/Server/rewrite.php(34): require_once('/var/www/html/m...')
#7 {main}
CRITICAL - 2020-04-07 14:40:29 --> syntax error, unexpected 'echo' (T_ECHO)
#0 /var/www/html/myCI4template/system/Common.php(1071): CodeIgniter\View\View->render('templates/carou...', Array, true)
#1 /var/www/html/myCI4template/app/Controllers/Home.php(15): view('templates/carou...')
#2 /var/www/html/myCI4template/system/CodeIgniter.php(910): App\Controllers\Home->index()
#3 /var/www/html/myCI4template/system/CodeIgniter.php(398): CodeIgniter\CodeIgniter->runController(Object(App\Controllers\Home))
#4 /var/www/html/myCI4template/system/CodeIgniter.php(306): CodeIgniter\CodeIgniter->handleRequest(NULL, Object(Config\Cache), false)
#5 /var/www/html/myCI4template/public/index.php(45): CodeIgniter\CodeIgniter->run()
#6 /var/www/html/myCI4template/system/Commands/Server/rewrite.php(34): require_once('/var/www/html/m...')
#7 {main}
CRITICAL - 2020-04-07 14:40:45 --> syntax error, unexpected 'echo' (T_ECHO)
#0 /var/www/html/myCI4template/system/Common.php(1071): CodeIgniter\View\View->render('templates/carou...', Array, true)
#1 /var/www/html/myCI4template/app/Controllers/Home.php(15): view('templates/carou...')
#2 /var/www/html/myCI4template/system/CodeIgniter.php(910): App\Controllers\Home->index()
#3 /var/www/html/myCI4template/system/CodeIgniter.php(398): CodeIgniter\CodeIgniter->runController(Object(App\Controllers\Home))
#4 /var/www/html/myCI4template/system/CodeIgniter.php(306): CodeIgniter\CodeIgniter->handleRequest(NULL, Object(Config\Cache), false)
#5 /var/www/html/myCI4template/public/index.php(45): CodeIgniter\CodeIgniter->run()
#6 /var/www/html/myCI4template/system/Commands/Server/rewrite.php(34): require_once('/var/www/html/m...')
#7 {main}
CRITICAL - 2020-04-07 14:41:26 --> syntax error, unexpected 'echo' (T_ECHO)
#0 /var/www/html/myCI4template/system/Common.php(1071): CodeIgniter\View\View->render('templates/carou...', Array, true)
#1 /var/www/html/myCI4template/app/Controllers/Home.php(15): view('templates/carou...')
#2 /var/www/html/myCI4template/system/CodeIgniter.php(910): App\Controllers\Home->index()
#3 /var/www/html/myCI4template/system/CodeIgniter.php(398): CodeIgniter\CodeIgniter->runController(Object(App\Controllers\Home))
#4 /var/www/html/myCI4template/system/CodeIgniter.php(306): CodeIgniter\CodeIgniter->handleRequest(NULL, Object(Config\Cache), false)
#5 /var/www/html/myCI4template/public/index.php(45): CodeIgniter\CodeIgniter->run()
#6 /var/www/html/myCI4template/system/Commands/Server/rewrite.php(34): require_once('/var/www/html/m...')
#7 {main}
CRITICAL - 2020-04-07 14:48:59 --> syntax error, unexpected 'echo' (T_ECHO)
#0 /var/www/html/myCI4template/system/Common.php(1071): CodeIgniter\View\View->render('templates/carou...', Array, true)
#1 /var/www/html/myCI4template/app/Controllers/Home.php(15): view('templates/carou...')
#2 /var/www/html/myCI4template/system/CodeIgniter.php(910): App\Controllers\Home->index()
#3 /var/www/html/myCI4template/system/CodeIgniter.php(398): CodeIgniter\CodeIgniter->runController(Object(App\Controllers\Home))
#4 /var/www/html/myCI4template/system/CodeIgniter.php(306): CodeIgniter\CodeIgniter->handleRequest(NULL, Object(Config\Cache), false)
#5 /var/www/html/myCI4template/public/index.php(45): CodeIgniter\CodeIgniter->run()
#6 /var/www/html/myCI4template/system/Commands/Server/rewrite.php(34): require_once('/var/www/html/m...')
#7 {main}
CRITICAL - 2020-04-07 15:19:05 --> syntax error, unexpected '.'
#0 /var/www/html/myCI4template/system/Autoloader/Autoloader.php(296): CodeIgniter\Autoloader\Autoloader->requireFile('/var/www/html/m...')
#1 /var/www/html/myCI4template/system/Autoloader/Autoloader.php(258): CodeIgniter\Autoloader\Autoloader->loadInNamespace('App\\Controllers...')
#2 [internal function]: CodeIgniter\Autoloader\Autoloader->loadClass('App\\Controllers...')
#3 [internal function]: spl_autoload_call('App\\Controllers...')
#4 /var/www/html/myCI4template/system/CodeIgniter.php(861): class_exists('\\App\\Controller...', true)
#5 /var/www/html/myCI4template/system/CodeIgniter.php(388): CodeIgniter\CodeIgniter->startController()
#6 /var/www/html/myCI4template/system/CodeIgniter.php(306): CodeIgniter\CodeIgniter->handleRequest(NULL, Object(Config\Cache), false)
#7 /var/www/html/myCI4template/public/index.php(45): CodeIgniter\CodeIgniter->run()
#8 /var/www/html/myCI4template/system/Commands/Server/rewrite.php(34): require_once('/var/www/html/m...')
#9 {main}
CRITICAL - 2020-04-07 15:19:27 --> syntax error, unexpected '.'
#0 /var/www/html/myCI4template/system/Autoloader/Autoloader.php(296): CodeIgniter\Autoloader\Autoloader->requireFile('/var/www/html/m...')
#1 /var/www/html/myCI4template/system/Autoloader/Autoloader.php(258): CodeIgniter\Autoloader\Autoloader->loadInNamespace('App\\Controllers...')
#2 [internal function]: CodeIgniter\Autoloader\Autoloader->loadClass('App\\Controllers...')
#3 [internal function]: spl_autoload_call('App\\Controllers...')
#4 /var/www/html/myCI4template/system/CodeIgniter.php(861): class_exists('\\App\\Controller...', true)
#5 /var/www/html/myCI4template/system/CodeIgniter.php(388): CodeIgniter\CodeIgniter->startController()
#6 /var/www/html/myCI4template/system/CodeIgniter.php(306): CodeIgniter\CodeIgniter->handleRequest(NULL, Object(Config\Cache), false)
#7 /var/www/html/myCI4template/public/index.php(45): CodeIgniter\CodeIgniter->run()
#8 /var/www/html/myCI4template/system/Commands/Server/rewrite.php(34): require_once('/var/www/html/m...')
#9 {main}
CRITICAL - 2020-04-07 15:19:38 --> syntax error, unexpected '',' (T_CONSTANT_ENCAPSED_STRING), expecting ']'
#0 /var/www/html/myCI4template/system/Autoloader/Autoloader.php(296): CodeIgniter\Autoloader\Autoloader->requireFile('/var/www/html/m...')
#1 /var/www/html/myCI4template/system/Autoloader/Autoloader.php(258): CodeIgniter\Autoloader\Autoloader->loadInNamespace('App\\Controllers...')
#2 [internal function]: CodeIgniter\Autoloader\Autoloader->loadClass('App\\Controllers...')
#3 [internal function]: spl_autoload_call('App\\Controllers...')
#4 /var/www/html/myCI4template/system/CodeIgniter.php(861): class_exists('\\App\\Controller...', true)
#5 /var/www/html/myCI4template/system/CodeIgniter.php(388): CodeIgniter\CodeIgniter->startController()
#6 /var/www/html/myCI4template/system/CodeIgniter.php(306): CodeIgniter\CodeIgniter->handleRequest(NULL, Object(Config\Cache), false)
#7 /var/www/html/myCI4template/public/index.php(45): CodeIgniter\CodeIgniter->run()
#8 /var/www/html/myCI4template/system/Commands/Server/rewrite.php(34): require_once('/var/www/html/m...')
#9 {main}
CRITICAL - 2020-04-07 15:31:34 --> syntax error, unexpected '/'
#0 /var/www/html/myCI4template/system/Autoloader/Autoloader.php(296): CodeIgniter\Autoloader\Autoloader->requireFile('/var/www/html/m...')
#1 /var/www/html/myCI4template/system/Autoloader/Autoloader.php(258): CodeIgniter\Autoloader\Autoloader->loadInNamespace('App\\Controllers...')
#2 [internal function]: CodeIgniter\Autoloader\Autoloader->loadClass('App\\Controllers...')
#3 [internal function]: spl_autoload_call('App\\Controllers...')
#4 /var/www/html/myCI4template/system/CodeIgniter.php(861): class_exists('\\App\\Controller...', true)
#5 /var/www/html/myCI4template/system/CodeIgniter.php(388): CodeIgniter\CodeIgniter->startController()
#6 /var/www/html/myCI4template/system/CodeIgniter.php(306): CodeIgniter\CodeIgniter->handleRequest(NULL, Object(Config\Cache), false)
#7 /var/www/html/myCI4template/public/index.php(45): CodeIgniter\CodeIgniter->run()
#8 /var/www/html/myCI4template/system/Commands/Server/rewrite.php(34): require_once('/var/www/html/m...')
#9 {main}
CRITICAL - 2020-04-07 15:34:04 --> Use of undefined constant APPATH - assumed 'APPATH' (this will throw an Error in a future version of PHP)
#0 /var/www/html/myCI4template/app/Views/templates/carousel.php(43): CodeIgniter\Debug\Exceptions->errorHandler(2, 'Use of undefine...', '/var/www/html/m...', 43, Array)
#1 /var/www/html/myCI4template/system/View/View.php(236): include('/var/www/html/m...')
#2 /var/www/html/myCI4template/system/Common.php(1071): CodeIgniter\View\View->render('templates/carou...', Array, true)
#3 /var/www/html/myCI4template/app/Controllers/Home.php(23): view('templates/carou...', Array)
#4 /var/www/html/myCI4template/system/CodeIgniter.php(910): App\Controllers\Home->index()
#5 /var/www/html/myCI4template/system/CodeIgniter.php(398): CodeIgniter\CodeIgniter->runController(Object(App\Controllers\Home))
#6 /var/www/html/myCI4template/system/CodeIgniter.php(306): CodeIgniter\CodeIgniter->handleRequest(NULL, Object(Config\Cache), false)
#7 /var/www/html/myCI4template/public/index.php(45): CodeIgniter\CodeIgniter->run()
#8 /var/www/html/myCI4template/system/Commands/Server/rewrite.php(34): require_once('/var/www/html/m...')
#9 {main}
CRITICAL - 2020-04-07 15:34:04 --> Use of undefined constant APPATH - assumed 'APPATH' (this will throw an Error in a future version of PHP)
#0 /var/www/html/myCI4template/app/Views/templates/carousel.php(43): CodeIgniter\Debug\Exceptions->errorHandler(2, 'Use of undefine...', '/var/www/html/m...', 43, Array)
#1 /var/www/html/myCI4template/system/View/View.php(236): include('/var/www/html/m...')
#2 /var/www/html/myCI4template/system/Common.php(1071): CodeIgniter\View\View->render('templates/carou...', Array, true)
#3 /var/www/html/myCI4template/app/Controllers/Home.php(23): view('templates/carou...', Array)
#4 /var/www/html/myCI4template/system/CodeIgniter.php(910): App\Controllers\Home->index()
#5 /var/www/html/myCI4template/system/CodeIgniter.php(398): CodeIgniter\CodeIgniter->runController(Object(App\Controllers\Home))
#6 /var/www/html/myCI4template/system/CodeIgniter.php(306): CodeIgniter\CodeIgniter->handleRequest(NULL, Object(Config\Cache), false)
#7 /var/www/html/myCI4template/public/index.php(45): CodeIgniter\CodeIgniter->run()
#8 /var/www/html/myCI4template/system/Commands/Server/rewrite.php(34): require_once('/var/www/html/m...')
#9 {main}
CRITICAL - 2020-04-07 15:34:16 --> syntax error, unexpected 'echo' (T_ECHO)
#0 /var/www/html/myCI4template/system/Common.php(1071): CodeIgniter\View\View->render('templates/carou...', Array, true)
#1 /var/www/html/myCI4template/app/Controllers/Home.php(23): view('templates/carou...', Array)
#2 /var/www/html/myCI4template/system/CodeIgniter.php(910): App\Controllers\Home->index()
#3 /var/www/html/myCI4template/system/CodeIgniter.php(398): CodeIgniter\CodeIgniter->runController(Object(App\Controllers\Home))
#4 /var/www/html/myCI4template/system/CodeIgniter.php(306): CodeIgniter\CodeIgniter->handleRequest(NULL, Object(Config\Cache), false)
#5 /var/www/html/myCI4template/public/index.php(45): CodeIgniter\CodeIgniter->run()
#6 /var/www/html/myCI4template/system/Commands/Server/rewrite.php(34): require_once('/var/www/html/m...')
#7 {main}
CRITICAL - 2020-04-07 15:34:16 --> syntax error, unexpected 'echo' (T_ECHO)
#0 /var/www/html/myCI4template/system/Common.php(1071): CodeIgniter\View\View->render('templates/carou...', Array, true)
#1 /var/www/html/myCI4template/app/Controllers/Home.php(23): view('templates/carou...', Array)
#2 /var/www/html/myCI4template/system/CodeIgniter.php(910): App\Controllers\Home->index()
#3 /var/www/html/myCI4template/system/CodeIgniter.php(398): CodeIgniter\CodeIgniter->runController(Object(App\Controllers\Home))
#4 /var/www/html/myCI4template/system/CodeIgniter.php(306): CodeIgniter\CodeIgniter->handleRequest(NULL, Object(Config\Cache), false)
#5 /var/www/html/myCI4template/public/index.php(45): CodeIgniter\CodeIgniter->run()
#6 /var/www/html/myCI4template/system/Commands/Server/rewrite.php(34): require_once('/var/www/html/m...')
#7 {main}
CRITICAL - 2020-04-07 15:34:31 --> syntax error, unexpected 'echo' (T_ECHO)
#0 /var/www/html/myCI4template/system/Common.php(1071): CodeIgniter\View\View->render('templates/carou...', Array, true)
#1 /var/www/html/myCI4template/app/Controllers/Home.php(23): view('templates/carou...', Array)
#2 /var/www/html/myCI4template/system/CodeIgniter.php(910): App\Controllers\Home->index()
#3 /var/www/html/myCI4template/system/CodeIgniter.php(398): CodeIgniter\CodeIgniter->runController(Object(App\Controllers\Home))
#4 /var/www/html/myCI4template/system/CodeIgniter.php(306): CodeIgniter\CodeIgniter->handleRequest(NULL, Object(Config\Cache), false)
#5 /var/www/html/myCI4template/public/index.php(45): CodeIgniter\CodeIgniter->run()
#6 /var/www/html/myCI4template/system/Commands/Server/rewrite.php(34): require_once('/var/www/html/m...')
#7 {main}
CRITICAL - 2020-04-07 15:34:31 --> syntax error, unexpected 'echo' (T_ECHO)
#0 /var/www/html/myCI4template/system/Common.php(1071): CodeIgniter\View\View->render('templates/carou...', Array, true)
#1 /var/www/html/myCI4template/app/Controllers/Home.php(23): view('templates/carou...', Array)
#2 /var/www/html/myCI4template/system/CodeIgniter.php(910): App\Controllers\Home->index()
#3 /var/www/html/myCI4template/system/CodeIgniter.php(398): CodeIgniter\CodeIgniter->runController(Object(App\Controllers\Home))
#4 /var/www/html/myCI4template/system/CodeIgniter.php(306): CodeIgniter\CodeIgniter->handleRequest(NULL, Object(Config\Cache), false)
#5 /var/www/html/myCI4template/public/index.php(45): CodeIgniter\CodeIgniter->run()
#6 /var/www/html/myCI4template/system/Commands/Server/rewrite.php(34): require_once('/var/www/html/m...')
#7 {main}
CRITICAL - 2020-04-07 15:35:25 --> syntax error, unexpected 'echo' (T_ECHO)
#0 /var/www/html/myCI4template/system/Common.php(1071): CodeIgniter\View\View->render('templates/carou...', Array, true)
#1 /var/www/html/myCI4template/app/Controllers/Home.php(23): view('templates/carou...', Array)
#2 /var/www/html/myCI4template/system/CodeIgniter.php(910): App\Controllers\Home->index()
#3 /var/www/html/myCI4template/system/CodeIgniter.php(398): CodeIgniter\CodeIgniter->runController(Object(App\Controllers\Home))
#4 /var/www/html/myCI4template/system/CodeIgniter.php(306): CodeIgniter\CodeIgniter->handleRequest(NULL, Object(Config\Cache), false)
#5 /var/www/html/myCI4template/public/index.php(45): CodeIgniter\CodeIgniter->run()
#6 /var/www/html/myCI4template/system/Commands/Server/rewrite.php(34): require_once('/var/www/html/m...')
#7 {main}
CRITICAL - 2020-04-07 15:35:25 --> syntax error, unexpected 'echo' (T_ECHO)
#0 /var/www/html/myCI4template/system/Common.php(1071): CodeIgniter\View\View->render('templates/carou...', Array, true)
#1 /var/www/html/myCI4template/app/Controllers/Home.php(23): view('templates/carou...', Array)
#2 /var/www/html/myCI4template/system/CodeIgniter.php(910): App\Controllers\Home->index()
#3 /var/www/html/myCI4template/system/CodeIgniter.php(398): CodeIgniter\CodeIgniter->runController(Object(App\Controllers\Home))
#4 /var/www/html/myCI4template/system/CodeIgniter.php(306): CodeIgniter\CodeIgniter->handleRequest(NULL, Object(Config\Cache), false)
#5 /var/www/html/myCI4template/public/index.php(45): CodeIgniter\CodeIgniter->run()
#6 /var/www/html/myCI4template/system/Commands/Server/rewrite.php(34): require_once('/var/www/html/m...')
#7 {main}
CRITICAL - 2020-04-07 15:54:15 --> syntax error, unexpected ';', expecting ']'
#0 /var/www/html/myCI4template/system/Autoloader/Autoloader.php(296): CodeIgniter\Autoloader\Autoloader->requireFile('/var/www/html/m...')
#1 /var/www/html/myCI4template/system/Autoloader/Autoloader.php(258): CodeIgniter\Autoloader\Autoloader->loadInNamespace('App\\Controllers...')
#2 [internal function]: CodeIgniter\Autoloader\Autoloader->loadClass('App\\Controllers...')
#3 [internal function]: spl_autoload_call('App\\Controllers...')
#4 /var/www/html/myCI4template/system/CodeIgniter.php(861): class_exists('\\App\\Controller...', true)
#5 /var/www/html/myCI4template/system/CodeIgniter.php(388): CodeIgniter\CodeIgniter->startController()
#6 /var/www/html/myCI4template/system/CodeIgniter.php(306): CodeIgniter\CodeIgniter->handleRequest(NULL, Object(Config\Cache), false)
#7 /var/www/html/myCI4template/public/index.php(45): CodeIgniter\CodeIgniter->run()
#8 /var/www/html/myCI4template/system/Commands/Server/rewrite.php(34): require_once('/var/www/html/m...')
#9 {main}
CRITICAL - 2020-04-07 15:54:44 --> syntax error, unexpected 'pulic' (T_STRING), expecting ']'
#0 /var/www/html/myCI4template/system/Autoloader/Autoloader.php(296): CodeIgniter\Autoloader\Autoloader->requireFile('/var/www/html/m...')
#1 /var/www/html/myCI4template/system/Autoloader/Autoloader.php(258): CodeIgniter\Autoloader\Autoloader->loadInNamespace('App\\Controllers...')
#2 [internal function]: CodeIgniter\Autoloader\Autoloader->loadClass('App\\Controllers...')
#3 [internal function]: spl_autoload_call('App\\Controllers...')
#4 /var/www/html/myCI4template/system/CodeIgniter.php(861): class_exists('\\App\\Controller...', true)
#5 /var/www/html/myCI4template/system/CodeIgniter.php(388): CodeIgniter\CodeIgniter->startController()
#6 /var/www/html/myCI4template/system/CodeIgniter.php(306): CodeIgniter\CodeIgniter->handleRequest(NULL, Object(Config\Cache), false)
#7 /var/www/html/myCI4template/public/index.php(45): CodeIgniter\CodeIgniter->run()
#8 /var/www/html/myCI4template/system/Commands/Server/rewrite.php(34): require_once('/var/www/html/m...')
#9 {main}
