CRITICAL - 2020-04-16 20:13:15 --> syntax error, unexpected '<', expecting end of file
#0 /var/www/html/myCI4template/system/Common.php(1071): CodeIgniter\View\View->render('templates/uploa...', Array, true)
#1 /var/www/html/myCI4template/app/Controllers/UploadFiles.php(15): view('templates/uploa...')
#2 /var/www/html/myCI4template/system/CodeIgniter.php(910): App\Controllers\UploadFiles->index()
#3 /var/www/html/myCI4template/system/CodeIgniter.php(398): CodeIgniter\CodeIgniter->runController(Object(App\Controllers\UploadFiles))
#4 /var/www/html/myCI4template/system/CodeIgniter.php(306): CodeIgniter\CodeIgniter->handleRequest(NULL, Object(Config\Cache), false)
#5 /var/www/html/myCI4template/public/index.php(45): CodeIgniter\CodeIgniter->run()
#6 /var/www/html/myCI4template/system/Commands/Server/rewrite.php(34): require_once('/var/www/html/m...')
#7 {main}
CRITICAL - 2020-04-16 20:13:17 --> syntax error, unexpected '<', expecting end of file
#0 /var/www/html/myCI4template/system/Common.php(1071): CodeIgniter\View\View->render('templates/uploa...', Array, true)
#1 /var/www/html/myCI4template/app/Controllers/UploadFiles.php(15): view('templates/uploa...')
#2 /var/www/html/myCI4template/system/CodeIgniter.php(910): App\Controllers\UploadFiles->index()
#3 /var/www/html/myCI4template/system/CodeIgniter.php(398): CodeIgniter\CodeIgniter->runController(Object(App\Controllers\UploadFiles))
#4 /var/www/html/myCI4template/system/CodeIgniter.php(306): CodeIgniter\CodeIgniter->handleRequest(NULL, Object(Config\Cache), false)
#5 /var/www/html/myCI4template/public/index.php(45): CodeIgniter\CodeIgniter->run()
#6 /var/www/html/myCI4template/system/Commands/Server/rewrite.php(34): require_once('/var/www/html/m...')
#7 {main}
CRITICAL - 2020-04-16 20:15:36 --> Call to a member function move() on null
#0 /var/www/html/myCI4template/system/CodeIgniter.php(910): App\Controllers\UploadFiles->uploads()
#1 /var/www/html/myCI4template/system/CodeIgniter.php(398): CodeIgniter\CodeIgniter->runController(Object(App\Controllers\UploadFiles))
#2 /var/www/html/myCI4template/system/CodeIgniter.php(306): CodeIgniter\CodeIgniter->handleRequest(NULL, Object(Config\Cache), false)
#3 /var/www/html/myCI4template/public/index.php(45): CodeIgniter\CodeIgniter->run()
#4 /var/www/html/myCI4template/system/Commands/Server/rewrite.php(34): require_once('/var/www/html/m...')
#5 {main}
CRITICAL - 2020-04-16 20:16:34 --> Call to a member function move() on null
#0 /var/www/html/myCI4template/system/CodeIgniter.php(910): App\Controllers\UploadFiles->uploads()
#1 /var/www/html/myCI4template/system/CodeIgniter.php(398): CodeIgniter\CodeIgniter->runController(Object(App\Controllers\UploadFiles))
#2 /var/www/html/myCI4template/system/CodeIgniter.php(306): CodeIgniter\CodeIgniter->handleRequest(NULL, Object(Config\Cache), false)
#3 /var/www/html/myCI4template/public/index.php(45): CodeIgniter\CodeIgniter->run()
#4 /var/www/html/myCI4template/system/Commands/Server/rewrite.php(34): require_once('/var/www/html/m...')
#5 {main}
CRITICAL - 2020-04-16 20:26:32 --> Call to a member function move() on null
#0 /var/www/html/myCI4template/system/CodeIgniter.php(910): App\Controllers\UploadFiles->uploads()
#1 /var/www/html/myCI4template/system/CodeIgniter.php(398): CodeIgniter\CodeIgniter->runController(Object(App\Controllers\UploadFiles))
#2 /var/www/html/myCI4template/system/CodeIgniter.php(306): CodeIgniter\CodeIgniter->handleRequest(NULL, Object(Config\Cache), false)
#3 /var/www/html/myCI4template/public/index.php(45): CodeIgniter\CodeIgniter->run()
#4 /var/www/html/myCI4template/system/Commands/Server/rewrite.php(34): require_once('/var/www/html/m...')
#5 {main}
CRITICAL - 2020-04-16 20:36:47 --> syntax error, unexpected 'helper' (T_STRING), expecting function (T_FUNCTION) or const (T_CONST)
#0 /var/www/html/myCI4template/system/Router/Router.php(192): CodeIgniter\Router\Router->autoRoute('UploadFiles')
#1 /var/www/html/myCI4template/system/CodeIgniter.php(785): CodeIgniter\Router\Router->handle('UploadFiles')
#2 /var/www/html/myCI4template/system/CodeIgniter.php(358): CodeIgniter\CodeIgniter->tryToRouteIt(Object(CodeIgniter\Router\RouteCollection))
#3 /var/www/html/myCI4template/system/CodeIgniter.php(306): CodeIgniter\CodeIgniter->handleRequest(NULL, Object(Config\Cache), false)
#4 /var/www/html/myCI4template/public/index.php(45): CodeIgniter\CodeIgniter->run()
#5 /var/www/html/myCI4template/system/Commands/Server/rewrite.php(34): require_once('/var/www/html/m...')
#6 {main}
CRITICAL - 2020-04-16 20:36:48 --> syntax error, unexpected 'helper' (T_STRING), expecting function (T_FUNCTION) or const (T_CONST)
#0 /var/www/html/myCI4template/system/Router/Router.php(192): CodeIgniter\Router\Router->autoRoute('UploadFiles')
#1 /var/www/html/myCI4template/system/CodeIgniter.php(785): CodeIgniter\Router\Router->handle('UploadFiles')
#2 /var/www/html/myCI4template/system/CodeIgniter.php(358): CodeIgniter\CodeIgniter->tryToRouteIt(Object(CodeIgniter\Router\RouteCollection))
#3 /var/www/html/myCI4template/system/CodeIgniter.php(306): CodeIgniter\CodeIgniter->handleRequest(NULL, Object(Config\Cache), false)
#4 /var/www/html/myCI4template/public/index.php(45): CodeIgniter\CodeIgniter->run()
#5 /var/www/html/myCI4template/system/Commands/Server/rewrite.php(34): require_once('/var/www/html/m...')
#6 {main}
CRITICAL - 2020-04-16 21:20:10 --> Call to a member function move() on null
#0 /var/www/html/myCI4template/system/CodeIgniter.php(910): App\Controllers\UploadFiles->uploads()
#1 /var/www/html/myCI4template/system/CodeIgniter.php(398): CodeIgniter\CodeIgniter->runController(Object(App\Controllers\UploadFiles))
#2 /var/www/html/myCI4template/system/CodeIgniter.php(306): CodeIgniter\CodeIgniter->handleRequest(NULL, Object(Config\Cache), false)
#3 /var/www/html/myCI4template/public/index.php(45): CodeIgniter\CodeIgniter->run()
#4 /var/www/html/myCI4template/system/Commands/Server/rewrite.php(34): require_once('/var/www/html/m...')
#5 {main}
CRITICAL - 2020-04-16 21:20:42 --> Call to a member function move() on null
#0 /var/www/html/myCI4template/system/CodeIgniter.php(910): App\Controllers\UploadFiles->uploads()
#1 /var/www/html/myCI4template/system/CodeIgniter.php(398): CodeIgniter\CodeIgniter->runController(Object(App\Controllers\UploadFiles))
#2 /var/www/html/myCI4template/system/CodeIgniter.php(306): CodeIgniter\CodeIgniter->handleRequest(NULL, Object(Config\Cache), false)
#3 /var/www/html/myCI4template/public/index.php(45): CodeIgniter\CodeIgniter->run()
#4 /var/www/html/myCI4template/system/Commands/Server/rewrite.php(34): require_once('/var/www/html/m...')
#5 {main}
